[2020-04-08T20:00:42.017] [DEBUG] cheese - login => username:zs,password:123456
[2020-04-08T20:00:42.018] [DEBUG] cheese - zs
[2020-04-08T20:00:46.725] [DEBUG] cheese - null
[2020-04-08T20:00:46.726] [DEBUG] cheese - null
[2020-04-08T20:01:27.297] [DEBUG] cheese - login => username:admin,password:123456
[2020-04-08T20:01:27.297] [DEBUG] cheese - admin
[2020-04-08T20:01:27.305] [DEBUG] cheese - null
[2020-04-08T20:01:27.306] [DEBUG] cheese - null
[2020-04-22T22:07:44.062] [DEBUG] cheese - login => username:asq,password:qwe12121
[2020-04-22T22:07:44.063] [DEBUG] cheese - asq
[2020-04-22T22:07:44.117] [DEBUG] cheese - null
[2020-04-22T22:07:44.118] [DEBUG] cheese - null
[2020-04-22T22:11:21.941] [DEBUG] cheese - login => username:asasda,password:qweasda
[2020-04-22T22:11:21.941] [DEBUG] cheese - asasda
[2020-04-22T22:11:21.945] [DEBUG] cheese - null
[2020-04-22T22:11:21.946] [DEBUG] cheese - null
[2020-04-22T22:12:42.794] [DEBUG] cheese - login => username:as12312,password:qwe12312
[2020-04-22T22:12:42.794] [DEBUG] cheese - as12312
[2020-04-22T22:12:42.798] [DEBUG] cheese - null
[2020-04-22T22:12:42.798] [DEBUG] cheese - null
[2020-04-22T22:20:30.767] [DEBUG] cheese - login => username:as12312,password:qwe1231
[2020-04-22T22:20:30.768] [DEBUG] cheese - as12312
[2020-04-22T22:20:30.771] [DEBUG] cheese - null
[2020-04-22T22:20:30.771] [DEBUG] cheese - null
[2020-04-22T22:20:39.148] [DEBUG] cheese - login => username:admin,password:123456
[2020-04-22T22:20:39.148] [DEBUG] cheese - admin
[2020-04-22T22:20:39.154] [DEBUG] cheese - null
[2020-04-22T22:20:39.154] [DEBUG] cheese - null
[2020-04-22T22:26:18.249] [DEBUG] cheese - login => username:aswerw,password:qwewer
[2020-04-22T22:26:18.249] [DEBUG] cheese - aswerw
[2020-04-22T22:26:18.252] [DEBUG] cheese - null
[2020-04-22T22:26:18.252] [DEBUG] cheese - null
[2020-04-22T22:26:25.676] [DEBUG] cheese - login => username:admin,password:123456
[2020-04-22T22:26:25.677] [DEBUG] cheese - admin
[2020-04-22T22:26:25.680] [DEBUG] cheese - null
[2020-04-22T22:26:25.680] [DEBUG] cheese - null
[2020-04-22T22:34:22.964] [DEBUG] cheese - login => username:admin,password:123456
[2020-04-22T22:34:22.964] [DEBUG] cheese - admin
[2020-04-22T22:34:22.967] [DEBUG] cheese - null
[2020-04-22T22:34:22.967] [DEBUG] cheese - null
[2020-04-22T22:34:38.097] [DEBUG] cheese - login => username:admin,password:123456
[2020-04-22T22:34:38.097] [DEBUG] cheese - admin
[2020-04-22T22:34:38.101] [DEBUG] cheese - null
[2020-04-22T22:34:38.102] [DEBUG] cheese - null
[2020-04-22T22:35:06.120] [DEBUG] cheese - login => username:admin,password:123456
[2020-04-22T22:35:06.121] [DEBUG] cheese - admin
[2020-04-22T22:35:06.124] [DEBUG] cheese - null
[2020-04-22T22:35:06.124] [DEBUG] cheese - null
[2020-04-22T22:36:09.465] [DEBUG] cheese - login => username:admin,password:123456
[2020-04-22T22:36:09.466] [DEBUG] cheese - admin
[2020-04-22T22:36:09.471] [DEBUG] cheese - null
[2020-04-22T22:36:09.471] [DEBUG] cheese - null
[2020-04-22T22:38:16.468] [DEBUG] cheese - login => username:admin,password:123456
[2020-04-22T22:38:16.468] [DEBUG] cheese - admin
[2020-04-22T22:38:16.471] [DEBUG] cheese - null
[2020-04-22T22:38:16.471] [DEBUG] cheese - null
[2020-04-22T22:55:51.016] [DEBUG] cheese - login => username:admin,password:123456
[2020-04-22T22:55:51.016] [DEBUG] cheese - admin
[2020-04-22T22:55:51.021] [DEBUG] cheese - null
[2020-04-22T22:55:51.022] [DEBUG] cheese - null
[2020-04-23T20:39:47.447] [DEBUG] cheese - login => username:admin,password:123456
[2020-04-23T20:39:47.449] [DEBUG] cheese - admin
[2020-04-23T20:39:47.613] [DEBUG] cheese - null
[2020-04-23T20:39:47.614] [DEBUG] cheese - null
